<?xml version="1.0" encoding="UTF-8"?>
<!-- Generated by org.testng.reporters.JUnitReportReporter -->
<testsuite hostname="DESKTOP-TJA25OT" failures="0" tests="1" name="com.amazon.application.Amazon_Application.setup_page" time="20.060" errors="0" timestamp="2021-04-19T16:41:24 IST" skipped="0">
  <testcase classname="com.amazon.application.Amazon_Application.setup_page" name="buildingTestMethod" time="20.060"/>
  <system-out/>
</testsuite> <!-- com.amazon.application.Amazon_Application.setup_page -->
