<?xml version="1.0" encoding="UTF-8"?>
<!-- Generated by org.testng.reporters.JUnitReportReporter -->
<testsuite hostname="DESKTOP-TJA25OT" failures="0" tests="1" name="com.amazon.application.Amazon_Application.MobileTest" time="6.060" errors="0" timestamp="2021-05-23T15:46:51 IST" skipped="0">
  <testcase classname="com.amazon.application.Amazon_Application.MobileTest" name="test1" time="6.060"/>
  <system-out/>
</testsuite> <!-- com.amazon.application.Amazon_Application.MobileTest -->
